<?xml version="1.0" encoding="UTF-8"?>
<!-- Generated by org.testng.reporters.JUnitXMLReporter -->
<testsuite ignored="0" hostname="LAPTOP-46B3GHNG" failures="0" tests="8" name="Test" time="0.184" errors="0" timestamp="2022-10-20T18:04:32 IST">
  <testcase classname="com.MyAppApplicationTestscode" name="@BeforeMethod beforeMethod" time="0.068">
    <failure type="java.lang.IllegalStateException" message="The driver executable does not exist: D:\Mycompany\java-fsd\practice\phase5\required\chromedriver_win32\chromedriver.exe">
      <![CDATA[java.lang.IllegalStateException: The driver executable does not exist: D:\Mycompany\java-fsd\practice\phase5\required\chromedriver_win32\chromedriver.exe
at com.google.common.base.Preconditions.checkState(Preconditions.java:585)
at org.openqa.selenium.remote.service.DriverService.checkExecutable(DriverService.java:146)
at org.openqa.selenium.remote.service.DriverService.findExecutable(DriverService.java:141)
at org.openqa.selenium.chrome.ChromeDriverService.access$000(ChromeDriverService.java:35)
at org.openqa.selenium.chrome.ChromeDriverService$Builder.findDefaultExecutable(ChromeDriverService.java:159)
at org.openqa.selenium.remote.service.DriverService$Builder.build(DriverService.java:355)
at org.openqa.selenium.chrome.ChromeDriverService.createDefaultService(ChromeDriverService.java:94)
at org.openqa.selenium.chrome.ChromeDriver.<init>(ChromeDriver.java:123)
at com.MyAppApplicationTestscode.beforeMethod(MyAppApplicationTestscode.java:114)
at java.base/java.util.ArrayList.forEach(ArrayList.java:1511)
... Removed 31 stack frames]]>
    </failure>
  </testcase> <!-- @BeforeMethod beforeMethod -->
  <testcase classname="com.MyAppApplicationTestscode" name="@AfterMethod afterMethod" time="-1.666269272134E9">
    <skipped/>
  </testcase> <!-- @AfterMethod afterMethod -->
  <testcase classname="com.MyAppApplicationTestscode" name="@BeforeMethod beforeMethod" time="-1.66626927214E9">
    <skipped/>
  </testcase> <!-- @BeforeMethod beforeMethod -->
  <testcase classname="com.MyAppApplicationTestscode" name="@AfterMethod afterMethod" time="-1.666269272147E9">
    <skipped/>
  </testcase> <!-- @AfterMethod afterMethod -->
  <testcase classname="com.MyAppApplicationTestscode" name="@BeforeMethod beforeMethod" time="-1.666269272149E9">
    <skipped/>
  </testcase> <!-- @BeforeMethod beforeMethod -->
  <testcase classname="com.MyAppApplicationTestscode" name="@AfterMethod afterMethod" time="-1.666269272156E9">
    <skipped/>
  </testcase> <!-- @AfterMethod afterMethod -->
  <testcase classname="com.MyAppApplicationTestscode" name="@BeforeMethod beforeMethod" time="-1.666269272157E9">
    <skipped/>
  </testcase> <!-- @BeforeMethod beforeMethod -->
  <testcase classname="com.MyAppApplicationTestscode" name="@AfterMethod afterMethod" time="-1.66626927216E9">
    <skipped/>
  </testcase> <!-- @AfterMethod afterMethod -->
  <testcase classname="com.MyAppApplicationTestscode" name="@BeforeMethod beforeMethod" time="-1.666269272162E9">
    <skipped/>
  </testcase> <!-- @BeforeMethod beforeMethod -->
  <testcase classname="com.MyAppApplicationTestscode" name="@AfterMethod afterMethod" time="-1.666269272166E9">
    <skipped/>
  </testcase> <!-- @AfterMethod afterMethod -->
  <testcase classname="com.MyAppApplicationTestscode" name="@BeforeMethod beforeMethod" time="-1.666269272167E9">
    <skipped/>
  </testcase> <!-- @BeforeMethod beforeMethod -->
  <testcase classname="com.MyAppApplicationTestscode" name="@AfterMethod afterMethod" time="-1.666269272171E9">
    <skipped/>
  </testcase> <!-- @AfterMethod afterMethod -->
  <testcase classname="com.MyAppApplicationTestscode" name="@BeforeMethod beforeMethod" time="-1.666269272172E9">
    <skipped/>
  </testcase> <!-- @BeforeMethod beforeMethod -->
  <testcase classname="com.MyAppApplicationTestscode" name="@AfterMethod afterMethod" time="-1.666269272177E9">
    <skipped/>
  </testcase> <!-- @AfterMethod afterMethod -->
  <testcase classname="com.MyAppApplicationTestscode" name="testing" time="0.0">
    <skipped/>
  </testcase> <!-- testing -->
  <testcase classname="com.MyAppApplicationTestscode" name="signup" time="0.0">
    <skipped/>
  </testcase> <!-- signup -->
  <testcase classname="com.MyAppApplicationTestscode" name="signin" time="0.0">
    <skipped/>
  </testcase> <!-- signin -->
  <testcase classname="com.MyAppApplicationTestscode" name="adminhome" time="0.0">
    <skipped/>
  </testcase> <!-- adminhome -->
  <testcase classname="com.MyAppApplicationTestscode" name="userhome" time="0.0">
    <skipped/>
  </testcase> <!-- userhome -->
  <testcase classname="com.MyAppApplicationTestscode" name="loadusers" time="0.0">
    <skipped/>
  </testcase> <!-- loadusers -->
  <testcase classname="com.MyAppApplicationTestscode" name="approve" time="0.0">
    <skipped/>
  </testcase> <!-- approve -->
  <testcase classname="com.MyAppApplicationTests" name="contextLoads" time="0.001"/>
</testsuite> <!-- Test -->
